12:04:06 INFO  : Launching XSCT server: xsct -n  -interactive /home/max/rp_ref/nand/vitis/temp_xsdb_launch_script.tcl
12:04:06 INFO  : Platform repository initialization has completed.
12:04:06 INFO  : Registering command handlers for Vitis TCF services
12:04:10 INFO  : XSCT server has started successfully.
12:04:10 INFO  : plnx-install-location is set to ''
12:04:10 INFO  : Successfully done setting XSCT server connection channel  
12:04:10 INFO  : Successfully done query RDI_DATADIR 
12:04:10 INFO  : Successfully done setting workspace for the tool. 
12:08:09 INFO  : Result from executing command 'getProjects': nand
12:08:09 INFO  : Result from executing command 'getPlatforms': 
12:08:41 INFO  : Result from executing command 'getProjects': nand
12:08:41 INFO  : Result from executing command 'getPlatforms': nand|/home/max/rp_ref/nand/vitis/nand/export/nand/nand.xpfm
16:20:45 INFO  : Connected to target on host '127.0.0.1' and port '3121'.
16:20:45 INFO  : 'targets -set -filter {jtag_cable_name =~ "Digilent JTAG-SMT2 210251AC3249" && level==0 && jtag_device_ctx=="jsn-JTAG-SMT2-210251AC3249-23731093-0"}' command is executed.
16:20:52 INFO  : Device configured successfully with "/home/max/rp_ref/nand/vitis/not_gate/_ide/bitstream/main_dsn_wrapper.bit"
16:21:21 INFO  : Connected to target on host '127.0.0.1' and port '3121'.
16:21:21 INFO  : 'targets -set -filter {jtag_cable_name =~ "Digilent JTAG-SMT2 210251AC3249" && level==0 && jtag_device_ctx=="jsn-JTAG-SMT2-210251AC3249-23731093-0"}' command is executed.
16:21:29 INFO  : Device configured successfully with "/home/max/rp_ref/nand/vitis/not_gate/_ide/bitstream/main_dsn_wrapper.bit"
16:23:58 INFO  : Checking for BSP changes to sync application flags for project 'not_gate'...
16:24:16 INFO  : Connected to target on host '127.0.0.1' and port '3121'.
16:24:16 INFO  : 'targets -set -filter {jtag_cable_name =~ "Digilent JTAG-SMT2 210251AC3249" && level==0 && jtag_device_ctx=="jsn-JTAG-SMT2-210251AC3249-23731093-0"}' command is executed.
16:24:23 INFO  : Device configured successfully with "/home/max/rp_ref/nand/vitis/not_gate/_ide/bitstream/main_dsn_wrapper.bit"
16:35:04 INFO  : Connected to target on host '127.0.0.1' and port '3121'.
16:35:04 INFO  : 'targets -set -filter {jtag_cable_name =~ "Digilent JTAG-SMT2 210251AC3249" && level==0 && jtag_device_ctx=="jsn-JTAG-SMT2-210251AC3249-23731093-0"}' command is executed.
16:35:11 INFO  : Device configured successfully with "/home/max/rp_ref/nand/vivado/nand.runs/impl_1/main_dsn_wrapper.bit"
16:36:02 INFO  : Connected to target on host '127.0.0.1' and port '3121'.
16:36:02 INFO  : Jtag cable 'Digilent JTAG-SMT2 210251AC3249' is selected.
16:36:02 INFO  : 'jtag frequency' command is executed.
16:36:02 INFO  : Context for 'APU' is selected.
16:36:02 INFO  : System reset is completed.
16:36:05 INFO  : 'after 3000' command is executed.
16:36:05 INFO  : 'targets -set -filter {jtag_cable_name =~ "Digilent JTAG-SMT2 210251AC3249" && level==0 && jtag_device_ctx=="jsn-JTAG-SMT2-210251AC3249-23731093-0"}' command is executed.
16:36:13 INFO  : Device configured successfully with "/home/max/rp_ref/nand/vitis/not_gate/_ide/bitstream/main_dsn_wrapper.bit"
16:36:13 INFO  : Context for 'APU' is selected.
16:36:13 INFO  : Hardware design and registers information is loaded from '/home/max/rp_ref/nand/vitis/nand/export/nand/hw/main_dsn_wrapper.xsa'.
16:36:13 INFO  : 'configparams force-mem-access 1' command is executed.
16:36:13 INFO  : Context for 'APU' is selected.
16:36:13 INFO  : Sourcing of '/home/max/rp_ref/nand/vitis/not_gate/_ide/psinit/ps7_init.tcl' is done.
16:36:13 INFO  : 'ps7_init' command is executed.
16:36:13 INFO  : 'ps7_post_config' command is executed.
16:36:13 INFO  : Context for processor 'ps7_cortexa9_0' is selected.
16:36:13 INFO  : The application '/home/max/rp_ref/nand/vitis/not_gate/Debug/not_gate.elf' is downloaded to processor 'ps7_cortexa9_0'.
16:36:13 INFO  : 'configparams force-mem-access 0' command is executed.
16:36:13 INFO  : ----------------XSDB Script----------------
connect -url tcp:127.0.0.1:3121
targets -set -nocase -filter {name =~"APU*"}
rst -system
after 3000
targets -set -filter {jtag_cable_name =~ "Digilent JTAG-SMT2 210251AC3249" && level==0 && jtag_device_ctx=="jsn-JTAG-SMT2-210251AC3249-23731093-0"}
fpga -file /home/max/rp_ref/nand/vitis/not_gate/_ide/bitstream/main_dsn_wrapper.bit
targets -set -nocase -filter {name =~"APU*"}
loadhw -hw /home/max/rp_ref/nand/vitis/nand/export/nand/hw/main_dsn_wrapper.xsa -mem-ranges [list {0x40000000 0xbfffffff}] -regs
configparams force-mem-access 1
targets -set -nocase -filter {name =~"APU*"}
source /home/max/rp_ref/nand/vitis/not_gate/_ide/psinit/ps7_init.tcl
ps7_init
ps7_post_config
targets -set -nocase -filter {name =~ "*A9*#0"}
dow /home/max/rp_ref/nand/vitis/not_gate/Debug/not_gate.elf
configparams force-mem-access 0
----------------End of Script----------------

16:36:13 INFO  : Context for processor 'ps7_cortexa9_0' is selected.
16:36:13 INFO  : 'con' command is executed.
16:36:13 INFO  : ----------------XSDB Script (After Launch)----------------
targets -set -nocase -filter {name =~ "*A9*#0"}
con
----------------End of Script----------------

16:36:13 INFO  : Launch script is exported to file '/home/max/rp_ref/nand/vitis/not_gate_system/_ide/scripts/systemdebugger_not_gate_system_standalone.tcl'
16:38:06 INFO  : Disconnected from the channel tcfchan#2.
16:38:06 INFO  : Connected to target on host '127.0.0.1' and port '3121'.
16:38:07 INFO  : Jtag cable 'Digilent JTAG-SMT2 210251AC3249' is selected.
16:38:07 INFO  : 'jtag frequency' command is executed.
16:38:07 INFO  : Context for 'APU' is selected.
16:38:07 INFO  : System reset is completed.
16:38:10 INFO  : 'after 3000' command is executed.
16:38:10 INFO  : 'targets -set -filter {jtag_cable_name =~ "Digilent JTAG-SMT2 210251AC3249" && level==0 && jtag_device_ctx=="jsn-JTAG-SMT2-210251AC3249-23731093-0"}' command is executed.
16:38:17 INFO  : Device configured successfully with "/home/max/rp_ref/nand/vitis/not_gate/_ide/bitstream/main_dsn_wrapper.bit"
16:38:17 INFO  : Context for 'APU' is selected.
16:38:17 INFO  : Hardware design and registers information is loaded from '/home/max/rp_ref/nand/vitis/nand/export/nand/hw/main_dsn_wrapper.xsa'.
16:38:17 INFO  : 'configparams force-mem-access 1' command is executed.
16:38:17 INFO  : Context for 'APU' is selected.
16:38:17 INFO  : Sourcing of '/home/max/rp_ref/nand/vitis/not_gate/_ide/psinit/ps7_init.tcl' is done.
16:38:18 INFO  : 'ps7_init' command is executed.
16:38:18 INFO  : 'ps7_post_config' command is executed.
16:38:18 INFO  : Context for processor 'ps7_cortexa9_0' is selected.
16:38:18 INFO  : The application '/home/max/rp_ref/nand/vitis/not_gate/Debug/not_gate.elf' is downloaded to processor 'ps7_cortexa9_0'.
16:38:18 INFO  : 'configparams force-mem-access 0' command is executed.
16:38:18 INFO  : ----------------XSDB Script----------------
connect -url tcp:127.0.0.1:3121
targets -set -nocase -filter {name =~"APU*"}
rst -system
after 3000
targets -set -filter {jtag_cable_name =~ "Digilent JTAG-SMT2 210251AC3249" && level==0 && jtag_device_ctx=="jsn-JTAG-SMT2-210251AC3249-23731093-0"}
fpga -file /home/max/rp_ref/nand/vitis/not_gate/_ide/bitstream/main_dsn_wrapper.bit
targets -set -nocase -filter {name =~"APU*"}
loadhw -hw /home/max/rp_ref/nand/vitis/nand/export/nand/hw/main_dsn_wrapper.xsa -mem-ranges [list {0x40000000 0xbfffffff}] -regs
configparams force-mem-access 1
targets -set -nocase -filter {name =~"APU*"}
source /home/max/rp_ref/nand/vitis/not_gate/_ide/psinit/ps7_init.tcl
ps7_init
ps7_post_config
targets -set -nocase -filter {name =~ "*A9*#0"}
dow /home/max/rp_ref/nand/vitis/not_gate/Debug/not_gate.elf
configparams force-mem-access 0
----------------End of Script----------------

16:38:18 INFO  : Context for processor 'ps7_cortexa9_0' is selected.
16:38:18 INFO  : 'con' command is executed.
16:38:18 INFO  : ----------------XSDB Script (After Launch)----------------
targets -set -nocase -filter {name =~ "*A9*#0"}
con
----------------End of Script----------------

16:38:18 INFO  : Launch script is exported to file '/home/max/rp_ref/nand/vitis/not_gate_system/_ide/scripts/systemdebugger_not_gate_system_standalone.tcl'
16:38:59 INFO  : Disconnected from the channel tcfchan#3.
16:39:00 INFO  : Connected to target on host '127.0.0.1' and port '3121'.
16:39:00 INFO  : Jtag cable 'Digilent JTAG-SMT2 210251AC3249' is selected.
16:39:00 INFO  : 'jtag frequency' command is executed.
16:39:00 INFO  : Context for 'APU' is selected.
16:39:00 INFO  : System reset is completed.
16:39:03 INFO  : 'after 3000' command is executed.
16:39:03 INFO  : 'targets -set -filter {jtag_cable_name =~ "Digilent JTAG-SMT2 210251AC3249" && level==0 && jtag_device_ctx=="jsn-JTAG-SMT2-210251AC3249-23731093-0"}' command is executed.
16:39:11 INFO  : Device configured successfully with "/home/max/rp_ref/nand/vitis/not_gate/_ide/bitstream/main_dsn_wrapper.bit"
16:39:11 INFO  : Context for 'APU' is selected.
16:39:11 INFO  : Hardware design and registers information is loaded from '/home/max/rp_ref/nand/vitis/nand/export/nand/hw/main_dsn_wrapper.xsa'.
16:39:11 INFO  : 'configparams force-mem-access 1' command is executed.
16:39:11 INFO  : Context for 'APU' is selected.
16:39:11 INFO  : Sourcing of '/home/max/rp_ref/nand/vitis/not_gate/_ide/psinit/ps7_init.tcl' is done.
16:39:11 INFO  : 'ps7_init' command is executed.
16:39:11 INFO  : 'ps7_post_config' command is executed.
16:39:11 INFO  : Context for processor 'ps7_cortexa9_0' is selected.
16:39:11 INFO  : The application '/home/max/rp_ref/nand/vitis/not_gate/Debug/not_gate.elf' is downloaded to processor 'ps7_cortexa9_0'.
16:39:11 INFO  : 'configparams force-mem-access 0' command is executed.
16:39:11 INFO  : ----------------XSDB Script----------------
connect -url tcp:127.0.0.1:3121
targets -set -nocase -filter {name =~"APU*"}
rst -system
after 3000
targets -set -filter {jtag_cable_name =~ "Digilent JTAG-SMT2 210251AC3249" && level==0 && jtag_device_ctx=="jsn-JTAG-SMT2-210251AC3249-23731093-0"}
fpga -file /home/max/rp_ref/nand/vitis/not_gate/_ide/bitstream/main_dsn_wrapper.bit
targets -set -nocase -filter {name =~"APU*"}
loadhw -hw /home/max/rp_ref/nand/vitis/nand/export/nand/hw/main_dsn_wrapper.xsa -mem-ranges [list {0x40000000 0xbfffffff}] -regs
configparams force-mem-access 1
targets -set -nocase -filter {name =~"APU*"}
source /home/max/rp_ref/nand/vitis/not_gate/_ide/psinit/ps7_init.tcl
ps7_init
ps7_post_config
targets -set -nocase -filter {name =~ "*A9*#0"}
dow /home/max/rp_ref/nand/vitis/not_gate/Debug/not_gate.elf
configparams force-mem-access 0
----------------End of Script----------------

16:39:11 INFO  : Context for processor 'ps7_cortexa9_0' is selected.
16:39:11 INFO  : 'con' command is executed.
16:39:11 INFO  : ----------------XSDB Script (After Launch)----------------
targets -set -nocase -filter {name =~ "*A9*#0"}
con
----------------End of Script----------------

16:39:11 INFO  : Launch script is exported to file '/home/max/rp_ref/nand/vitis/not_gate_system/_ide/scripts/systemdebugger_not_gate_system_standalone.tcl'
16:40:02 INFO  : Disconnected from the channel tcfchan#4.
16:40:02 INFO  : Connected to target on host '127.0.0.1' and port '3121'.
16:40:02 INFO  : Jtag cable 'Digilent JTAG-SMT2 210251AC3249' is selected.
16:40:02 INFO  : 'jtag frequency' command is executed.
16:40:03 INFO  : Context for 'APU' is selected.
16:40:03 INFO  : System reset is completed.
16:40:06 INFO  : 'after 3000' command is executed.
16:40:06 INFO  : 'targets -set -filter {jtag_cable_name =~ "Digilent JTAG-SMT2 210251AC3249" && level==0 && jtag_device_ctx=="jsn-JTAG-SMT2-210251AC3249-23731093-0"}' command is executed.
16:40:13 INFO  : Device configured successfully with "/home/max/rp_ref/nand/vitis/not_gate/_ide/bitstream/main_dsn_wrapper.bit"
16:40:13 INFO  : Context for 'APU' is selected.
16:40:13 INFO  : Hardware design and registers information is loaded from '/home/max/rp_ref/nand/vitis/nand/export/nand/hw/main_dsn_wrapper.xsa'.
16:40:13 INFO  : 'configparams force-mem-access 1' command is executed.
16:40:13 INFO  : Context for 'APU' is selected.
16:40:13 INFO  : Sourcing of '/home/max/rp_ref/nand/vitis/not_gate/_ide/psinit/ps7_init.tcl' is done.
16:40:14 ERROR : Memory read error at 0xE0001034. AP transaction timeout
16:40:14 INFO  : ----------------XSDB Script----------------
connect -url tcp:127.0.0.1:3121
targets -set -nocase -filter {name =~"APU*"}
rst -system
after 3000
targets -set -filter {jtag_cable_name =~ "Digilent JTAG-SMT2 210251AC3249" && level==0 && jtag_device_ctx=="jsn-JTAG-SMT2-210251AC3249-23731093-0"}
fpga -file /home/max/rp_ref/nand/vitis/not_gate/_ide/bitstream/main_dsn_wrapper.bit
targets -set -nocase -filter {name =~"APU*"}
loadhw -hw /home/max/rp_ref/nand/vitis/nand/export/nand/hw/main_dsn_wrapper.xsa -mem-ranges [list {0x40000000 0xbfffffff}] -regs
configparams force-mem-access 1
targets -set -nocase -filter {name =~"APU*"}
source /home/max/rp_ref/nand/vitis/not_gate/_ide/psinit/ps7_init.tcl
ps7_init
----------------End of Script----------------

16:40:14 ERROR : Memory read error at 0xE0001034. AP transaction timeout
16:40:30 INFO  : Connected to target on host '127.0.0.1' and port '3121'.
16:40:31 INFO  : Jtag cable 'Digilent JTAG-SMT2 210251AC3249' is selected.
16:40:31 INFO  : 'jtag frequency' command is executed.
16:40:31 INFO  : Context for 'APU' is selected.
16:40:31 INFO  : System reset is completed.
16:40:34 INFO  : 'after 3000' command is executed.
16:40:34 INFO  : 'targets -set -filter {jtag_cable_name =~ "Digilent JTAG-SMT2 210251AC3249" && level==0 && jtag_device_ctx=="jsn-JTAG-SMT2-210251AC3249-23731093-0"}' command is executed.
16:40:41 INFO  : Device configured successfully with "/home/max/rp_ref/nand/vitis/not_gate/_ide/bitstream/main_dsn_wrapper.bit"
16:40:41 INFO  : Context for 'APU' is selected.
16:40:41 INFO  : Hardware design and registers information is loaded from '/home/max/rp_ref/nand/vitis/nand/export/nand/hw/main_dsn_wrapper.xsa'.
16:40:41 INFO  : 'configparams force-mem-access 1' command is executed.
16:40:41 INFO  : Context for 'APU' is selected.
16:40:41 INFO  : Sourcing of '/home/max/rp_ref/nand/vitis/not_gate/_ide/psinit/ps7_init.tcl' is done.
16:40:42 INFO  : 'ps7_init' command is executed.
16:40:42 INFO  : 'ps7_post_config' command is executed.
16:40:42 INFO  : Context for processor 'ps7_cortexa9_0' is selected.
16:40:42 INFO  : The application '/home/max/rp_ref/nand/vitis/not_gate/Debug/not_gate.elf' is downloaded to processor 'ps7_cortexa9_0'.
16:40:42 INFO  : 'configparams force-mem-access 0' command is executed.
16:40:42 INFO  : ----------------XSDB Script----------------
connect -url tcp:127.0.0.1:3121
targets -set -nocase -filter {name =~"APU*"}
rst -system
after 3000
targets -set -filter {jtag_cable_name =~ "Digilent JTAG-SMT2 210251AC3249" && level==0 && jtag_device_ctx=="jsn-JTAG-SMT2-210251AC3249-23731093-0"}
fpga -file /home/max/rp_ref/nand/vitis/not_gate/_ide/bitstream/main_dsn_wrapper.bit
targets -set -nocase -filter {name =~"APU*"}
loadhw -hw /home/max/rp_ref/nand/vitis/nand/export/nand/hw/main_dsn_wrapper.xsa -mem-ranges [list {0x40000000 0xbfffffff}] -regs
configparams force-mem-access 1
targets -set -nocase -filter {name =~"APU*"}
source /home/max/rp_ref/nand/vitis/not_gate/_ide/psinit/ps7_init.tcl
ps7_init
ps7_post_config
targets -set -nocase -filter {name =~ "*A9*#0"}
dow /home/max/rp_ref/nand/vitis/not_gate/Debug/not_gate.elf
configparams force-mem-access 0
----------------End of Script----------------

16:40:42 INFO  : Context for processor 'ps7_cortexa9_0' is selected.
16:40:42 INFO  : 'con' command is executed.
16:40:42 INFO  : ----------------XSDB Script (After Launch)----------------
targets -set -nocase -filter {name =~ "*A9*#0"}
con
----------------End of Script----------------

16:40:42 INFO  : Launch script is exported to file '/home/max/rp_ref/nand/vitis/not_gate_system/_ide/scripts/systemdebugger_not_gate_system_standalone.tcl'
16:44:20 INFO  : Disconnected from the channel tcfchan#5.
16:44:20 INFO  : Connected to target on host '127.0.0.1' and port '3121'.
16:44:20 INFO  : Jtag cable 'Digilent JTAG-SMT2 210251AC3249' is selected.
16:44:20 INFO  : 'jtag frequency' command is executed.
16:44:20 INFO  : Context for 'APU' is selected.
16:44:20 INFO  : System reset is completed.
16:44:23 INFO  : 'after 3000' command is executed.
16:44:23 INFO  : 'targets -set -filter {jtag_cable_name =~ "Digilent JTAG-SMT2 210251AC3249" && level==0 && jtag_device_ctx=="jsn-JTAG-SMT2-210251AC3249-23731093-0"}' command is executed.
16:44:31 INFO  : Device configured successfully with "/home/max/rp_ref/nand/vitis/not_gate/_ide/bitstream/main_dsn_wrapper.bit"
16:44:31 INFO  : Context for 'APU' is selected.
16:44:31 INFO  : Hardware design and registers information is loaded from '/home/max/rp_ref/nand/vitis/nand/export/nand/hw/main_dsn_wrapper.xsa'.
16:44:31 INFO  : 'configparams force-mem-access 1' command is executed.
16:44:31 INFO  : Context for 'APU' is selected.
16:44:31 INFO  : Sourcing of '/home/max/rp_ref/nand/vitis/not_gate/_ide/psinit/ps7_init.tcl' is done.
16:44:31 INFO  : 'ps7_init' command is executed.
16:44:31 INFO  : 'ps7_post_config' command is executed.
16:44:31 INFO  : Context for processor 'ps7_cortexa9_0' is selected.
16:44:31 INFO  : The application '/home/max/rp_ref/nand/vitis/not_gate/Debug/not_gate.elf' is downloaded to processor 'ps7_cortexa9_0'.
16:44:31 INFO  : 'configparams force-mem-access 0' command is executed.
16:44:31 INFO  : ----------------XSDB Script----------------
connect -url tcp:127.0.0.1:3121
targets -set -nocase -filter {name =~"APU*"}
rst -system
after 3000
targets -set -filter {jtag_cable_name =~ "Digilent JTAG-SMT2 210251AC3249" && level==0 && jtag_device_ctx=="jsn-JTAG-SMT2-210251AC3249-23731093-0"}
fpga -file /home/max/rp_ref/nand/vitis/not_gate/_ide/bitstream/main_dsn_wrapper.bit
targets -set -nocase -filter {name =~"APU*"}
loadhw -hw /home/max/rp_ref/nand/vitis/nand/export/nand/hw/main_dsn_wrapper.xsa -mem-ranges [list {0x40000000 0xbfffffff}] -regs
configparams force-mem-access 1
targets -set -nocase -filter {name =~"APU*"}
source /home/max/rp_ref/nand/vitis/not_gate/_ide/psinit/ps7_init.tcl
ps7_init
ps7_post_config
targets -set -nocase -filter {name =~ "*A9*#0"}
dow /home/max/rp_ref/nand/vitis/not_gate/Debug/not_gate.elf
configparams force-mem-access 0
----------------End of Script----------------

16:44:31 INFO  : Context for processor 'ps7_cortexa9_0' is selected.
16:44:31 INFO  : 'con' command is executed.
16:44:31 INFO  : ----------------XSDB Script (After Launch)----------------
targets -set -nocase -filter {name =~ "*A9*#0"}
con
----------------End of Script----------------

16:44:31 INFO  : Launch script is exported to file '/home/max/rp_ref/nand/vitis/not_gate_system/_ide/scripts/systemdebugger_not_gate_system_standalone.tcl'
16:45:48 INFO  : Disconnected from the channel tcfchan#6.
16:45:48 INFO  : Connected to target on host '127.0.0.1' and port '3121'.
16:45:48 INFO  : Jtag cable 'Digilent JTAG-SMT2 210251AC3249' is selected.
16:45:48 INFO  : 'jtag frequency' command is executed.
16:45:48 INFO  : Context for 'APU' is selected.
16:45:48 INFO  : System reset is completed.
16:45:51 INFO  : 'after 3000' command is executed.
16:45:51 INFO  : 'targets -set -filter {jtag_cable_name =~ "Digilent JTAG-SMT2 210251AC3249" && level==0 && jtag_device_ctx=="jsn-JTAG-SMT2-210251AC3249-23731093-0"}' command is executed.
16:45:59 INFO  : Device configured successfully with "/home/max/rp_ref/nand/vitis/not_gate/_ide/bitstream/main_dsn_wrapper.bit"
16:45:59 INFO  : Context for 'APU' is selected.
16:45:59 INFO  : Hardware design and registers information is loaded from '/home/max/rp_ref/nand/vitis/nand/export/nand/hw/main_dsn_wrapper.xsa'.
16:45:59 INFO  : 'configparams force-mem-access 1' command is executed.
16:45:59 INFO  : Context for 'APU' is selected.
16:45:59 INFO  : Sourcing of '/home/max/rp_ref/nand/vitis/not_gate/_ide/psinit/ps7_init.tcl' is done.
16:45:59 INFO  : 'ps7_init' command is executed.
16:45:59 INFO  : 'ps7_post_config' command is executed.
16:45:59 INFO  : Context for processor 'ps7_cortexa9_0' is selected.
16:45:59 INFO  : The application '/home/max/rp_ref/nand/vitis/not_gate/Debug/not_gate.elf' is downloaded to processor 'ps7_cortexa9_0'.
16:45:59 INFO  : 'configparams force-mem-access 0' command is executed.
16:45:59 INFO  : ----------------XSDB Script----------------
connect -url tcp:127.0.0.1:3121
targets -set -nocase -filter {name =~"APU*"}
rst -system
after 3000
targets -set -filter {jtag_cable_name =~ "Digilent JTAG-SMT2 210251AC3249" && level==0 && jtag_device_ctx=="jsn-JTAG-SMT2-210251AC3249-23731093-0"}
fpga -file /home/max/rp_ref/nand/vitis/not_gate/_ide/bitstream/main_dsn_wrapper.bit
targets -set -nocase -filter {name =~"APU*"}
loadhw -hw /home/max/rp_ref/nand/vitis/nand/export/nand/hw/main_dsn_wrapper.xsa -mem-ranges [list {0x40000000 0xbfffffff}] -regs
configparams force-mem-access 1
targets -set -nocase -filter {name =~"APU*"}
source /home/max/rp_ref/nand/vitis/not_gate/_ide/psinit/ps7_init.tcl
ps7_init
ps7_post_config
targets -set -nocase -filter {name =~ "*A9*#0"}
dow /home/max/rp_ref/nand/vitis/not_gate/Debug/not_gate.elf
configparams force-mem-access 0
----------------End of Script----------------

16:45:59 INFO  : Context for processor 'ps7_cortexa9_0' is selected.
16:45:59 INFO  : 'con' command is executed.
16:45:59 INFO  : ----------------XSDB Script (After Launch)----------------
targets -set -nocase -filter {name =~ "*A9*#0"}
con
----------------End of Script----------------

16:45:59 INFO  : Launch script is exported to file '/home/max/rp_ref/nand/vitis/not_gate_system/_ide/scripts/systemdebugger_not_gate_system_standalone.tcl'
16:49:27 INFO  : Disconnected from the channel tcfchan#7.
16:49:27 INFO  : Connected to target on host '127.0.0.1' and port '3121'.
16:49:28 INFO  : Jtag cable 'Digilent JTAG-SMT2 210251AC3249' is selected.
16:49:28 INFO  : 'jtag frequency' command is executed.
16:49:28 INFO  : Context for 'APU' is selected.
16:49:28 INFO  : System reset is completed.
16:49:31 INFO  : 'after 3000' command is executed.
16:49:31 INFO  : 'targets -set -filter {jtag_cable_name =~ "Digilent JTAG-SMT2 210251AC3249" && level==0 && jtag_device_ctx=="jsn-JTAG-SMT2-210251AC3249-23731093-0"}' command is executed.
16:49:38 INFO  : Device configured successfully with "/home/max/rp_ref/nand/vitis/not_gate/_ide/bitstream/main_dsn_wrapper.bit"
16:49:39 INFO  : Context for 'APU' is selected.
16:49:39 INFO  : Hardware design and registers information is loaded from '/home/max/rp_ref/nand/vitis/nand/export/nand/hw/main_dsn_wrapper.xsa'.
16:49:39 INFO  : 'configparams force-mem-access 1' command is executed.
16:49:39 INFO  : Context for 'APU' is selected.
16:49:39 INFO  : Sourcing of '/home/max/rp_ref/nand/vitis/not_gate/_ide/psinit/ps7_init.tcl' is done.
16:49:39 INFO  : 'ps7_init' command is executed.
16:49:39 INFO  : 'ps7_post_config' command is executed.
16:49:39 INFO  : Context for processor 'ps7_cortexa9_0' is selected.
16:49:39 INFO  : The application '/home/max/rp_ref/nand/vitis/not_gate/Debug/not_gate.elf' is downloaded to processor 'ps7_cortexa9_0'.
16:49:39 INFO  : 'configparams force-mem-access 0' command is executed.
16:49:39 INFO  : ----------------XSDB Script----------------
connect -url tcp:127.0.0.1:3121
targets -set -nocase -filter {name =~"APU*"}
rst -system
after 3000
targets -set -filter {jtag_cable_name =~ "Digilent JTAG-SMT2 210251AC3249" && level==0 && jtag_device_ctx=="jsn-JTAG-SMT2-210251AC3249-23731093-0"}
fpga -file /home/max/rp_ref/nand/vitis/not_gate/_ide/bitstream/main_dsn_wrapper.bit
targets -set -nocase -filter {name =~"APU*"}
loadhw -hw /home/max/rp_ref/nand/vitis/nand/export/nand/hw/main_dsn_wrapper.xsa -mem-ranges [list {0x40000000 0xbfffffff}] -regs
configparams force-mem-access 1
targets -set -nocase -filter {name =~"APU*"}
source /home/max/rp_ref/nand/vitis/not_gate/_ide/psinit/ps7_init.tcl
ps7_init
ps7_post_config
targets -set -nocase -filter {name =~ "*A9*#0"}
dow /home/max/rp_ref/nand/vitis/not_gate/Debug/not_gate.elf
configparams force-mem-access 0
----------------End of Script----------------

16:49:39 INFO  : Context for processor 'ps7_cortexa9_0' is selected.
16:49:39 INFO  : 'con' command is executed.
16:49:39 INFO  : ----------------XSDB Script (After Launch)----------------
targets -set -nocase -filter {name =~ "*A9*#0"}
con
----------------End of Script----------------

16:49:39 INFO  : Launch script is exported to file '/home/max/rp_ref/nand/vitis/not_gate_system/_ide/scripts/systemdebugger_not_gate_system_standalone.tcl'
16:52:14 INFO  : Disconnected from the channel tcfchan#8.
16:52:14 INFO  : Connected to target on host '127.0.0.1' and port '3121'.
16:52:14 INFO  : Jtag cable 'Digilent JTAG-SMT2 210251AC3249' is selected.
16:52:14 INFO  : 'jtag frequency' command is executed.
16:52:14 INFO  : Context for 'APU' is selected.
16:52:14 INFO  : System reset is completed.
16:52:17 INFO  : 'after 3000' command is executed.
16:52:17 INFO  : 'targets -set -filter {jtag_cable_name =~ "Digilent JTAG-SMT2 210251AC3249" && level==0 && jtag_device_ctx=="jsn-JTAG-SMT2-210251AC3249-23731093-0"}' command is executed.
16:52:25 INFO  : Device configured successfully with "/home/max/rp_ref/nand/vitis/not_gate/_ide/bitstream/main_dsn_wrapper.bit"
16:52:25 INFO  : Context for 'APU' is selected.
16:52:25 INFO  : Hardware design and registers information is loaded from '/home/max/rp_ref/nand/vitis/nand/export/nand/hw/main_dsn_wrapper.xsa'.
16:52:25 INFO  : 'configparams force-mem-access 1' command is executed.
16:52:25 INFO  : Context for 'APU' is selected.
16:52:25 INFO  : Sourcing of '/home/max/rp_ref/nand/vitis/not_gate/_ide/psinit/ps7_init.tcl' is done.
16:52:25 INFO  : 'ps7_init' command is executed.
16:52:25 INFO  : 'ps7_post_config' command is executed.
16:52:25 INFO  : Context for processor 'ps7_cortexa9_0' is selected.
16:52:25 INFO  : The application '/home/max/rp_ref/nand/vitis/not_gate/Debug/not_gate.elf' is downloaded to processor 'ps7_cortexa9_0'.
16:52:25 INFO  : 'configparams force-mem-access 0' command is executed.
16:52:25 INFO  : ----------------XSDB Script----------------
connect -url tcp:127.0.0.1:3121
targets -set -nocase -filter {name =~"APU*"}
rst -system
after 3000
targets -set -filter {jtag_cable_name =~ "Digilent JTAG-SMT2 210251AC3249" && level==0 && jtag_device_ctx=="jsn-JTAG-SMT2-210251AC3249-23731093-0"}
fpga -file /home/max/rp_ref/nand/vitis/not_gate/_ide/bitstream/main_dsn_wrapper.bit
targets -set -nocase -filter {name =~"APU*"}
loadhw -hw /home/max/rp_ref/nand/vitis/nand/export/nand/hw/main_dsn_wrapper.xsa -mem-ranges [list {0x40000000 0xbfffffff}] -regs
configparams force-mem-access 1
targets -set -nocase -filter {name =~"APU*"}
source /home/max/rp_ref/nand/vitis/not_gate/_ide/psinit/ps7_init.tcl
ps7_init
ps7_post_config
targets -set -nocase -filter {name =~ "*A9*#0"}
dow /home/max/rp_ref/nand/vitis/not_gate/Debug/not_gate.elf
configparams force-mem-access 0
----------------End of Script----------------

16:52:26 INFO  : Context for processor 'ps7_cortexa9_0' is selected.
16:52:26 INFO  : 'con' command is executed.
16:52:26 INFO  : ----------------XSDB Script (After Launch)----------------
targets -set -nocase -filter {name =~ "*A9*#0"}
con
----------------End of Script----------------

16:52:26 INFO  : Launch script is exported to file '/home/max/rp_ref/nand/vitis/not_gate_system/_ide/scripts/systemdebugger_not_gate_system_standalone.tcl'
16:54:59 INFO  : Disconnected from the channel tcfchan#9.
16:54:59 INFO  : Connected to target on host '127.0.0.1' and port '3121'.
16:54:59 INFO  : Jtag cable 'Digilent JTAG-SMT2 210251AC3249' is selected.
16:54:59 INFO  : 'jtag frequency' command is executed.
16:54:59 INFO  : Context for 'APU' is selected.
16:54:59 INFO  : System reset is completed.
16:55:02 INFO  : 'after 3000' command is executed.
16:55:02 INFO  : 'targets -set -filter {jtag_cable_name =~ "Digilent JTAG-SMT2 210251AC3249" && level==0 && jtag_device_ctx=="jsn-JTAG-SMT2-210251AC3249-23731093-0"}' command is executed.
16:55:10 INFO  : Device configured successfully with "/home/max/rp_ref/nand/vitis/not_gate/_ide/bitstream/main_dsn_wrapper.bit"
16:55:10 INFO  : Context for 'APU' is selected.
16:55:10 INFO  : Hardware design and registers information is loaded from '/home/max/rp_ref/nand/vitis/nand/export/nand/hw/main_dsn_wrapper.xsa'.
16:55:10 INFO  : 'configparams force-mem-access 1' command is executed.
16:55:10 INFO  : Context for 'APU' is selected.
16:55:10 INFO  : Sourcing of '/home/max/rp_ref/nand/vitis/not_gate/_ide/psinit/ps7_init.tcl' is done.
16:55:10 INFO  : 'ps7_init' command is executed.
16:55:10 INFO  : 'ps7_post_config' command is executed.
16:55:10 INFO  : Context for processor 'ps7_cortexa9_0' is selected.
16:55:10 INFO  : The application '/home/max/rp_ref/nand/vitis/not_gate/Debug/not_gate.elf' is downloaded to processor 'ps7_cortexa9_0'.
16:55:10 INFO  : 'configparams force-mem-access 0' command is executed.
16:55:10 INFO  : ----------------XSDB Script----------------
connect -url tcp:127.0.0.1:3121
targets -set -nocase -filter {name =~"APU*"}
rst -system
after 3000
targets -set -filter {jtag_cable_name =~ "Digilent JTAG-SMT2 210251AC3249" && level==0 && jtag_device_ctx=="jsn-JTAG-SMT2-210251AC3249-23731093-0"}
fpga -file /home/max/rp_ref/nand/vitis/not_gate/_ide/bitstream/main_dsn_wrapper.bit
targets -set -nocase -filter {name =~"APU*"}
loadhw -hw /home/max/rp_ref/nand/vitis/nand/export/nand/hw/main_dsn_wrapper.xsa -mem-ranges [list {0x40000000 0xbfffffff}] -regs
configparams force-mem-access 1
targets -set -nocase -filter {name =~"APU*"}
source /home/max/rp_ref/nand/vitis/not_gate/_ide/psinit/ps7_init.tcl
ps7_init
ps7_post_config
targets -set -nocase -filter {name =~ "*A9*#0"}
dow /home/max/rp_ref/nand/vitis/not_gate/Debug/not_gate.elf
configparams force-mem-access 0
----------------End of Script----------------

16:55:10 INFO  : Context for processor 'ps7_cortexa9_0' is selected.
16:55:10 INFO  : 'con' command is executed.
16:55:10 INFO  : ----------------XSDB Script (After Launch)----------------
targets -set -nocase -filter {name =~ "*A9*#0"}
con
----------------End of Script----------------

16:55:10 INFO  : Launch script is exported to file '/home/max/rp_ref/nand/vitis/not_gate_system/_ide/scripts/systemdebugger_not_gate_system_standalone.tcl'
17:02:18 INFO  : Disconnected from the channel tcfchan#10.
17:02:23 INFO  : Connected to target on host '127.0.0.1' and port '3121'.
17:02:24 INFO  : Jtag cable 'Digilent JTAG-SMT2 210251AC3249' is selected.
17:02:24 INFO  : 'jtag frequency' command is executed.
17:02:24 INFO  : Context for 'APU' is selected.
17:02:24 INFO  : System reset is completed.
17:02:27 INFO  : 'after 3000' command is executed.
17:02:27 INFO  : 'targets -set -filter {jtag_cable_name =~ "Digilent JTAG-SMT2 210251AC3249" && level==0 && jtag_device_ctx=="jsn-JTAG-SMT2-210251AC3249-23731093-0"}' command is executed.
17:02:34 INFO  : Device configured successfully with "/home/max/rp_ref/nand/vitis/not_gate/_ide/bitstream/main_dsn_wrapper.bit"
17:02:35 INFO  : Context for 'APU' is selected.
17:02:35 INFO  : Hardware design and registers information is loaded from '/home/max/rp_ref/nand/vitis/nand/export/nand/hw/main_dsn_wrapper.xsa'.
17:02:35 INFO  : 'configparams force-mem-access 1' command is executed.
17:02:35 INFO  : Context for 'APU' is selected.
17:02:35 INFO  : Sourcing of '/home/max/rp_ref/nand/vitis/not_gate/_ide/psinit/ps7_init.tcl' is done.
17:02:35 INFO  : 'ps7_init' command is executed.
17:02:35 INFO  : 'ps7_post_config' command is executed.
17:02:35 INFO  : Context for processor 'ps7_cortexa9_0' is selected.
17:02:35 INFO  : The application '/home/max/rp_ref/nand/vitis/not_gate/Debug/not_gate.elf' is downloaded to processor 'ps7_cortexa9_0'.
17:02:35 INFO  : 'configparams force-mem-access 0' command is executed.
17:02:35 INFO  : ----------------XSDB Script----------------
connect -url tcp:127.0.0.1:3121
targets -set -nocase -filter {name =~"APU*"}
rst -system
after 3000
targets -set -filter {jtag_cable_name =~ "Digilent JTAG-SMT2 210251AC3249" && level==0 && jtag_device_ctx=="jsn-JTAG-SMT2-210251AC3249-23731093-0"}
fpga -file /home/max/rp_ref/nand/vitis/not_gate/_ide/bitstream/main_dsn_wrapper.bit
targets -set -nocase -filter {name =~"APU*"}
loadhw -hw /home/max/rp_ref/nand/vitis/nand/export/nand/hw/main_dsn_wrapper.xsa -mem-ranges [list {0x40000000 0xbfffffff}] -regs
configparams force-mem-access 1
targets -set -nocase -filter {name =~"APU*"}
source /home/max/rp_ref/nand/vitis/not_gate/_ide/psinit/ps7_init.tcl
ps7_init
ps7_post_config
targets -set -nocase -filter {name =~ "*A9*#0"}
dow /home/max/rp_ref/nand/vitis/not_gate/Debug/not_gate.elf
configparams force-mem-access 0
----------------End of Script----------------

17:02:35 INFO  : Context for processor 'ps7_cortexa9_0' is selected.
17:02:35 INFO  : 'con' command is executed.
17:02:35 INFO  : ----------------XSDB Script (After Launch)----------------
targets -set -nocase -filter {name =~ "*A9*#0"}
con
----------------End of Script----------------

17:02:35 INFO  : Launch script is exported to file '/home/max/rp_ref/nand/vitis/not_gate_system/_ide/scripts/systemdebugger_not_gate_system_standalone.tcl'
17:07:09 INFO  : Disconnected from the channel tcfchan#11.
17:07:09 INFO  : Connected to target on host '127.0.0.1' and port '3121'.
17:07:09 INFO  : Jtag cable 'Digilent JTAG-SMT2 210251AC3249' is selected.
17:07:09 INFO  : 'jtag frequency' command is executed.
17:07:09 INFO  : Context for 'APU' is selected.
17:07:09 INFO  : System reset is completed.
17:07:12 INFO  : 'after 3000' command is executed.
17:07:12 INFO  : 'targets -set -filter {jtag_cable_name =~ "Digilent JTAG-SMT2 210251AC3249" && level==0 && jtag_device_ctx=="jsn-JTAG-SMT2-210251AC3249-23731093-0"}' command is executed.
17:07:20 INFO  : Device configured successfully with "/home/max/rp_ref/nand/vitis/not_gate/_ide/bitstream/main_dsn_wrapper.bit"
17:07:20 INFO  : Context for 'APU' is selected.
17:07:20 INFO  : Hardware design and registers information is loaded from '/home/max/rp_ref/nand/vitis/nand/export/nand/hw/main_dsn_wrapper.xsa'.
17:07:20 INFO  : 'configparams force-mem-access 1' command is executed.
17:07:20 INFO  : Context for 'APU' is selected.
17:07:20 INFO  : Sourcing of '/home/max/rp_ref/nand/vitis/not_gate/_ide/psinit/ps7_init.tcl' is done.
17:07:20 INFO  : 'ps7_init' command is executed.
17:07:20 INFO  : 'ps7_post_config' command is executed.
17:07:20 INFO  : Context for processor 'ps7_cortexa9_0' is selected.
17:07:20 INFO  : The application '/home/max/rp_ref/nand/vitis/not_gate/Debug/not_gate.elf' is downloaded to processor 'ps7_cortexa9_0'.
17:07:20 INFO  : 'configparams force-mem-access 0' command is executed.
17:07:20 INFO  : ----------------XSDB Script----------------
connect -url tcp:127.0.0.1:3121
targets -set -nocase -filter {name =~"APU*"}
rst -system
after 3000
targets -set -filter {jtag_cable_name =~ "Digilent JTAG-SMT2 210251AC3249" && level==0 && jtag_device_ctx=="jsn-JTAG-SMT2-210251AC3249-23731093-0"}
fpga -file /home/max/rp_ref/nand/vitis/not_gate/_ide/bitstream/main_dsn_wrapper.bit
targets -set -nocase -filter {name =~"APU*"}
loadhw -hw /home/max/rp_ref/nand/vitis/nand/export/nand/hw/main_dsn_wrapper.xsa -mem-ranges [list {0x40000000 0xbfffffff}] -regs
configparams force-mem-access 1
targets -set -nocase -filter {name =~"APU*"}
source /home/max/rp_ref/nand/vitis/not_gate/_ide/psinit/ps7_init.tcl
ps7_init
ps7_post_config
targets -set -nocase -filter {name =~ "*A9*#0"}
dow /home/max/rp_ref/nand/vitis/not_gate/Debug/not_gate.elf
configparams force-mem-access 0
----------------End of Script----------------

17:07:20 INFO  : Context for processor 'ps7_cortexa9_0' is selected.
17:07:21 INFO  : 'con' command is executed.
17:07:21 INFO  : ----------------XSDB Script (After Launch)----------------
targets -set -nocase -filter {name =~ "*A9*#0"}
con
----------------End of Script----------------

17:07:21 INFO  : Launch script is exported to file '/home/max/rp_ref/nand/vitis/not_gate_system/_ide/scripts/systemdebugger_not_gate_system_standalone.tcl'
17:07:46 INFO  : Checking for BSP changes to sync application flags for project 'not_gate'...
17:08:05 INFO  : Connected to target on host '127.0.0.1' and port '3121'.
17:08:05 INFO  : 'targets -set -filter {jtag_cable_name =~ "Digilent JTAG-SMT2 210251AC3249" && level==0 && jtag_device_ctx=="jsn-JTAG-SMT2-210251AC3249-23731093-0"}' command is executed.
17:08:13 INFO  : Device configured successfully with "/home/max/rp_ref/nand/vivado/nand.runs/impl_1/main_dsn_wrapper.bit"
17:08:22 INFO  : Disconnected from the channel tcfchan#12.
17:08:22 INFO  : Connected to target on host '127.0.0.1' and port '3121'.
17:08:23 INFO  : Jtag cable 'Digilent JTAG-SMT2 210251AC3249' is selected.
17:08:23 INFO  : 'jtag frequency' command is executed.
17:08:23 INFO  : Context for 'APU' is selected.
17:08:23 INFO  : System reset is completed.
17:08:26 INFO  : 'after 3000' command is executed.
17:08:26 INFO  : 'targets -set -filter {jtag_cable_name =~ "Digilent JTAG-SMT2 210251AC3249" && level==0 && jtag_device_ctx=="jsn-JTAG-SMT2-210251AC3249-23731093-0"}' command is executed.
17:08:33 INFO  : Device configured successfully with "/home/max/rp_ref/nand/vitis/not_gate/_ide/bitstream/main_dsn_wrapper.bit"
17:08:33 INFO  : Context for 'APU' is selected.
17:08:34 INFO  : Hardware design and registers information is loaded from '/home/max/rp_ref/nand/vitis/nand/export/nand/hw/main_dsn_wrapper.xsa'.
17:08:34 INFO  : 'configparams force-mem-access 1' command is executed.
17:08:34 INFO  : Context for 'APU' is selected.
17:08:34 INFO  : Sourcing of '/home/max/rp_ref/nand/vitis/not_gate/_ide/psinit/ps7_init.tcl' is done.
17:08:34 ERROR : Memory read error at 0xE0001034. AP transaction timeout
17:08:34 INFO  : ----------------XSDB Script----------------
connect -url tcp:127.0.0.1:3121
targets -set -nocase -filter {name =~"APU*"}
rst -system
after 3000
targets -set -filter {jtag_cable_name =~ "Digilent JTAG-SMT2 210251AC3249" && level==0 && jtag_device_ctx=="jsn-JTAG-SMT2-210251AC3249-23731093-0"}
fpga -file /home/max/rp_ref/nand/vitis/not_gate/_ide/bitstream/main_dsn_wrapper.bit
targets -set -nocase -filter {name =~"APU*"}
loadhw -hw /home/max/rp_ref/nand/vitis/nand/export/nand/hw/main_dsn_wrapper.xsa -mem-ranges [list {0x40000000 0xbfffffff}] -regs
configparams force-mem-access 1
targets -set -nocase -filter {name =~"APU*"}
source /home/max/rp_ref/nand/vitis/not_gate/_ide/psinit/ps7_init.tcl
ps7_init
----------------End of Script----------------

17:08:34 ERROR : Memory read error at 0xE0001034. AP transaction timeout
17:08:42 INFO  : Connected to target on host '127.0.0.1' and port '3121'.
17:08:42 INFO  : Jtag cable 'Digilent JTAG-SMT2 210251AC3249' is selected.
17:08:42 INFO  : 'jtag frequency' command is executed.
17:08:42 INFO  : Context for 'APU' is selected.
17:08:42 INFO  : System reset is completed.
17:08:45 INFO  : 'after 3000' command is executed.
17:08:45 INFO  : 'targets -set -filter {jtag_cable_name =~ "Digilent JTAG-SMT2 210251AC3249" && level==0 && jtag_device_ctx=="jsn-JTAG-SMT2-210251AC3249-23731093-0"}' command is executed.
17:08:53 INFO  : Device configured successfully with "/home/max/rp_ref/nand/vitis/not_gate/_ide/bitstream/main_dsn_wrapper.bit"
17:08:53 INFO  : Context for 'APU' is selected.
17:08:53 INFO  : Hardware design and registers information is loaded from '/home/max/rp_ref/nand/vitis/nand/export/nand/hw/main_dsn_wrapper.xsa'.
17:08:53 INFO  : 'configparams force-mem-access 1' command is executed.
17:08:53 INFO  : Context for 'APU' is selected.
17:08:53 INFO  : Sourcing of '/home/max/rp_ref/nand/vitis/not_gate/_ide/psinit/ps7_init.tcl' is done.
17:08:53 INFO  : 'ps7_init' command is executed.
17:08:53 INFO  : 'ps7_post_config' command is executed.
17:08:53 INFO  : Context for processor 'ps7_cortexa9_0' is selected.
17:08:53 INFO  : The application '/home/max/rp_ref/nand/vitis/not_gate/Debug/not_gate.elf' is downloaded to processor 'ps7_cortexa9_0'.
17:08:53 INFO  : 'configparams force-mem-access 0' command is executed.
17:08:53 INFO  : ----------------XSDB Script----------------
connect -url tcp:127.0.0.1:3121
targets -set -nocase -filter {name =~"APU*"}
rst -system
after 3000
targets -set -filter {jtag_cable_name =~ "Digilent JTAG-SMT2 210251AC3249" && level==0 && jtag_device_ctx=="jsn-JTAG-SMT2-210251AC3249-23731093-0"}
fpga -file /home/max/rp_ref/nand/vitis/not_gate/_ide/bitstream/main_dsn_wrapper.bit
targets -set -nocase -filter {name =~"APU*"}
loadhw -hw /home/max/rp_ref/nand/vitis/nand/export/nand/hw/main_dsn_wrapper.xsa -mem-ranges [list {0x40000000 0xbfffffff}] -regs
configparams force-mem-access 1
targets -set -nocase -filter {name =~"APU*"}
source /home/max/rp_ref/nand/vitis/not_gate/_ide/psinit/ps7_init.tcl
ps7_init
ps7_post_config
targets -set -nocase -filter {name =~ "*A9*#0"}
dow /home/max/rp_ref/nand/vitis/not_gate/Debug/not_gate.elf
configparams force-mem-access 0
----------------End of Script----------------

17:08:53 INFO  : Context for processor 'ps7_cortexa9_0' is selected.
17:08:53 INFO  : 'con' command is executed.
17:08:53 INFO  : ----------------XSDB Script (After Launch)----------------
targets -set -nocase -filter {name =~ "*A9*#0"}
con
----------------End of Script----------------

17:08:53 INFO  : Launch script is exported to file '/home/max/rp_ref/nand/vitis/not_gate_system/_ide/scripts/systemdebugger_not_gate_system_standalone.tcl'
17:11:46 INFO  : Connected to target on host '127.0.0.1' and port '3121'.
17:11:46 INFO  : 'targets -set -filter {jtag_cable_name =~ "Digilent JTAG-SMT2 210251AC3249" && level==0 && jtag_device_ctx=="jsn-JTAG-SMT2-210251AC3249-23731093-0"}' command is executed.
17:11:53 INFO  : Device configured successfully with "/home/max/rp_ref/nand/vivado/nand.runs/impl_1/main_dsn_wrapper.bit"
17:12:06 INFO  : Disconnected from the channel tcfchan#13.
17:12:07 INFO  : Connected to target on host '127.0.0.1' and port '3121'.
17:12:07 INFO  : Jtag cable 'Digilent JTAG-SMT2 210251AC3249' is selected.
17:12:07 INFO  : 'jtag frequency' command is executed.
17:12:07 INFO  : Context for 'APU' is selected.
17:12:07 INFO  : System reset is completed.
17:12:10 INFO  : 'after 3000' command is executed.
17:12:10 INFO  : 'targets -set -filter {jtag_cable_name =~ "Digilent JTAG-SMT2 210251AC3249" && level==0 && jtag_device_ctx=="jsn-JTAG-SMT2-210251AC3249-23731093-0"}' command is executed.
17:12:18 INFO  : Device configured successfully with "/home/max/rp_ref/nand/vitis/not_gate/_ide/bitstream/main_dsn_wrapper.bit"
17:12:18 INFO  : Context for 'APU' is selected.
17:12:18 INFO  : Hardware design and registers information is loaded from '/home/max/rp_ref/nand/vitis/nand/export/nand/hw/main_dsn_wrapper.xsa'.
17:12:18 INFO  : 'configparams force-mem-access 1' command is executed.
17:12:18 INFO  : Context for 'APU' is selected.
17:12:18 INFO  : Sourcing of '/home/max/rp_ref/nand/vitis/not_gate/_ide/psinit/ps7_init.tcl' is done.
17:12:18 INFO  : 'ps7_init' command is executed.
17:12:18 INFO  : 'ps7_post_config' command is executed.
17:12:18 INFO  : Context for processor 'ps7_cortexa9_0' is selected.
17:12:18 INFO  : The application '/home/max/rp_ref/nand/vitis/not_gate/Debug/not_gate.elf' is downloaded to processor 'ps7_cortexa9_0'.
17:12:18 INFO  : 'configparams force-mem-access 0' command is executed.
17:12:18 INFO  : ----------------XSDB Script----------------
connect -url tcp:127.0.0.1:3121
targets -set -nocase -filter {name =~"APU*"}
rst -system
after 3000
targets -set -filter {jtag_cable_name =~ "Digilent JTAG-SMT2 210251AC3249" && level==0 && jtag_device_ctx=="jsn-JTAG-SMT2-210251AC3249-23731093-0"}
fpga -file /home/max/rp_ref/nand/vitis/not_gate/_ide/bitstream/main_dsn_wrapper.bit
targets -set -nocase -filter {name =~"APU*"}
loadhw -hw /home/max/rp_ref/nand/vitis/nand/export/nand/hw/main_dsn_wrapper.xsa -mem-ranges [list {0x40000000 0xbfffffff}] -regs
configparams force-mem-access 1
targets -set -nocase -filter {name =~"APU*"}
source /home/max/rp_ref/nand/vitis/not_gate/_ide/psinit/ps7_init.tcl
ps7_init
ps7_post_config
targets -set -nocase -filter {name =~ "*A9*#0"}
dow /home/max/rp_ref/nand/vitis/not_gate/Debug/not_gate.elf
configparams force-mem-access 0
----------------End of Script----------------

17:12:18 INFO  : Context for processor 'ps7_cortexa9_0' is selected.
17:12:18 INFO  : 'con' command is executed.
17:12:18 INFO  : ----------------XSDB Script (After Launch)----------------
targets -set -nocase -filter {name =~ "*A9*#0"}
con
----------------End of Script----------------

17:12:18 INFO  : Launch script is exported to file '/home/max/rp_ref/nand/vitis/not_gate_system/_ide/scripts/systemdebugger_not_gate_system_standalone.tcl'
17:13:13 INFO  : Disconnected from the channel tcfchan#14.
17:13:13 INFO  : Connected to target on host '127.0.0.1' and port '3121'.
17:13:13 INFO  : Jtag cable 'Digilent JTAG-SMT2 210251AC3249' is selected.
17:13:13 INFO  : 'jtag frequency' command is executed.
17:13:13 INFO  : Context for 'APU' is selected.
17:13:13 INFO  : System reset is completed.
17:13:16 INFO  : 'after 3000' command is executed.
17:13:16 INFO  : 'targets -set -filter {jtag_cable_name =~ "Digilent JTAG-SMT2 210251AC3249" && level==0 && jtag_device_ctx=="jsn-JTAG-SMT2-210251AC3249-23731093-0"}' command is executed.
17:13:24 INFO  : Device configured successfully with "/home/max/rp_ref/nand/vitis/not_gate/_ide/bitstream/main_dsn_wrapper.bit"
17:13:24 INFO  : Context for 'APU' is selected.
17:13:24 INFO  : Hardware design and registers information is loaded from '/home/max/rp_ref/nand/vitis/nand/export/nand/hw/main_dsn_wrapper.xsa'.
17:13:24 INFO  : 'configparams force-mem-access 1' command is executed.
17:13:24 INFO  : Context for 'APU' is selected.
17:13:24 INFO  : Sourcing of '/home/max/rp_ref/nand/vitis/not_gate/_ide/psinit/ps7_init.tcl' is done.
17:13:24 INFO  : 'ps7_init' command is executed.
17:13:24 INFO  : 'ps7_post_config' command is executed.
17:13:24 INFO  : Context for processor 'ps7_cortexa9_0' is selected.
17:13:24 INFO  : The application '/home/max/rp_ref/nand/vitis/not_gate/Debug/not_gate.elf' is downloaded to processor 'ps7_cortexa9_0'.
17:13:24 INFO  : 'configparams force-mem-access 0' command is executed.
17:13:24 INFO  : ----------------XSDB Script----------------
connect -url tcp:127.0.0.1:3121
targets -set -nocase -filter {name =~"APU*"}
rst -system
after 3000
targets -set -filter {jtag_cable_name =~ "Digilent JTAG-SMT2 210251AC3249" && level==0 && jtag_device_ctx=="jsn-JTAG-SMT2-210251AC3249-23731093-0"}
fpga -file /home/max/rp_ref/nand/vitis/not_gate/_ide/bitstream/main_dsn_wrapper.bit
targets -set -nocase -filter {name =~"APU*"}
loadhw -hw /home/max/rp_ref/nand/vitis/nand/export/nand/hw/main_dsn_wrapper.xsa -mem-ranges [list {0x40000000 0xbfffffff}] -regs
configparams force-mem-access 1
targets -set -nocase -filter {name =~"APU*"}
source /home/max/rp_ref/nand/vitis/not_gate/_ide/psinit/ps7_init.tcl
ps7_init
ps7_post_config
targets -set -nocase -filter {name =~ "*A9*#0"}
dow /home/max/rp_ref/nand/vitis/not_gate/Debug/not_gate.elf
configparams force-mem-access 0
----------------End of Script----------------

17:13:24 INFO  : Context for processor 'ps7_cortexa9_0' is selected.
17:13:25 INFO  : 'con' command is executed.
17:13:25 INFO  : ----------------XSDB Script (After Launch)----------------
targets -set -nocase -filter {name =~ "*A9*#0"}
con
----------------End of Script----------------

17:13:25 INFO  : Launch script is exported to file '/home/max/rp_ref/nand/vitis/not_gate_system/_ide/scripts/systemdebugger_not_gate_system_standalone.tcl'
17:14:03 INFO  : Disconnected from the channel tcfchan#15.
17:14:03 INFO  : Connected to target on host '127.0.0.1' and port '3121'.
17:14:03 INFO  : Jtag cable 'Digilent JTAG-SMT2 210251AC3249' is selected.
17:14:03 INFO  : 'jtag frequency' command is executed.
17:14:03 INFO  : Context for 'APU' is selected.
17:14:03 INFO  : System reset is completed.
17:14:06 INFO  : 'after 3000' command is executed.
17:14:07 INFO  : 'targets -set -filter {jtag_cable_name =~ "Digilent JTAG-SMT2 210251AC3249" && level==0 && jtag_device_ctx=="jsn-JTAG-SMT2-210251AC3249-23731093-0"}' command is executed.
17:14:14 INFO  : Device configured successfully with "/home/max/rp_ref/nand/vitis/not_gate/_ide/bitstream/main_dsn_wrapper.bit"
17:14:14 INFO  : Context for 'APU' is selected.
17:14:14 INFO  : Hardware design and registers information is loaded from '/home/max/rp_ref/nand/vitis/nand/export/nand/hw/main_dsn_wrapper.xsa'.
17:14:14 INFO  : 'configparams force-mem-access 1' command is executed.
17:14:14 INFO  : Context for 'APU' is selected.
17:14:14 INFO  : Sourcing of '/home/max/rp_ref/nand/vitis/not_gate/_ide/psinit/ps7_init.tcl' is done.
17:14:15 INFO  : 'ps7_init' command is executed.
17:14:15 INFO  : 'ps7_post_config' command is executed.
17:14:15 INFO  : Context for processor 'ps7_cortexa9_0' is selected.
17:14:15 INFO  : The application '/home/max/rp_ref/nand/vitis/not_gate/Debug/not_gate.elf' is downloaded to processor 'ps7_cortexa9_0'.
17:14:15 INFO  : 'configparams force-mem-access 0' command is executed.
17:14:15 INFO  : ----------------XSDB Script----------------
connect -url tcp:127.0.0.1:3121
targets -set -nocase -filter {name =~"APU*"}
rst -system
after 3000
targets -set -filter {jtag_cable_name =~ "Digilent JTAG-SMT2 210251AC3249" && level==0 && jtag_device_ctx=="jsn-JTAG-SMT2-210251AC3249-23731093-0"}
fpga -file /home/max/rp_ref/nand/vitis/not_gate/_ide/bitstream/main_dsn_wrapper.bit
targets -set -nocase -filter {name =~"APU*"}
loadhw -hw /home/max/rp_ref/nand/vitis/nand/export/nand/hw/main_dsn_wrapper.xsa -mem-ranges [list {0x40000000 0xbfffffff}] -regs
configparams force-mem-access 1
targets -set -nocase -filter {name =~"APU*"}
source /home/max/rp_ref/nand/vitis/not_gate/_ide/psinit/ps7_init.tcl
ps7_init
ps7_post_config
targets -set -nocase -filter {name =~ "*A9*#0"}
dow /home/max/rp_ref/nand/vitis/not_gate/Debug/not_gate.elf
configparams force-mem-access 0
----------------End of Script----------------

17:14:15 INFO  : Context for processor 'ps7_cortexa9_0' is selected.
17:14:15 INFO  : 'con' command is executed.
17:14:15 INFO  : ----------------XSDB Script (After Launch)----------------
targets -set -nocase -filter {name =~ "*A9*#0"}
con
----------------End of Script----------------

17:14:15 INFO  : Launch script is exported to file '/home/max/rp_ref/nand/vitis/not_gate_system/_ide/scripts/systemdebugger_not_gate_system_standalone.tcl'
17:14:22 INFO  : Connected to target on host '127.0.0.1' and port '3121'.
17:14:23 INFO  : 'targets -set -filter {jtag_cable_name =~ "Digilent JTAG-SMT2 210251AC3249" && level==0 && jtag_device_ctx=="jsn-JTAG-SMT2-210251AC3249-23731093-0"}' command is executed.
17:14:30 INFO  : Device configured successfully with "/home/max/rp_ref/nand/vivado/nand.runs/impl_1/main_dsn_wrapper.bit"
17:14:40 INFO  : Disconnected from the channel tcfchan#16.
17:14:40 INFO  : Connected to target on host '127.0.0.1' and port '3121'.
17:14:40 INFO  : Jtag cable 'Digilent JTAG-SMT2 210251AC3249' is selected.
17:14:40 INFO  : 'jtag frequency' command is executed.
17:14:40 INFO  : Context for 'APU' is selected.
17:14:40 INFO  : System reset is completed.
17:14:43 INFO  : 'after 3000' command is executed.
17:14:43 INFO  : 'targets -set -filter {jtag_cable_name =~ "Digilent JTAG-SMT2 210251AC3249" && level==0 && jtag_device_ctx=="jsn-JTAG-SMT2-210251AC3249-23731093-0"}' command is executed.
17:14:51 INFO  : Device configured successfully with "/home/max/rp_ref/nand/vitis/not_gate/_ide/bitstream/main_dsn_wrapper.bit"
17:14:51 INFO  : Context for 'APU' is selected.
17:14:51 INFO  : Hardware design and registers information is loaded from '/home/max/rp_ref/nand/vitis/nand/export/nand/hw/main_dsn_wrapper.xsa'.
17:14:51 INFO  : 'configparams force-mem-access 1' command is executed.
17:14:51 INFO  : Context for 'APU' is selected.
17:14:51 INFO  : Sourcing of '/home/max/rp_ref/nand/vitis/not_gate/_ide/psinit/ps7_init.tcl' is done.
17:14:51 INFO  : 'ps7_init' command is executed.
17:14:51 INFO  : 'ps7_post_config' command is executed.
17:14:51 INFO  : Context for processor 'ps7_cortexa9_0' is selected.
17:14:51 INFO  : The application '/home/max/rp_ref/nand/vitis/not_gate/Debug/not_gate.elf' is downloaded to processor 'ps7_cortexa9_0'.
17:14:51 INFO  : 'configparams force-mem-access 0' command is executed.
17:14:51 INFO  : ----------------XSDB Script----------------
connect -url tcp:127.0.0.1:3121
targets -set -nocase -filter {name =~"APU*"}
rst -system
after 3000
targets -set -filter {jtag_cable_name =~ "Digilent JTAG-SMT2 210251AC3249" && level==0 && jtag_device_ctx=="jsn-JTAG-SMT2-210251AC3249-23731093-0"}
fpga -file /home/max/rp_ref/nand/vitis/not_gate/_ide/bitstream/main_dsn_wrapper.bit
targets -set -nocase -filter {name =~"APU*"}
loadhw -hw /home/max/rp_ref/nand/vitis/nand/export/nand/hw/main_dsn_wrapper.xsa -mem-ranges [list {0x40000000 0xbfffffff}] -regs
configparams force-mem-access 1
targets -set -nocase -filter {name =~"APU*"}
source /home/max/rp_ref/nand/vitis/not_gate/_ide/psinit/ps7_init.tcl
ps7_init
ps7_post_config
targets -set -nocase -filter {name =~ "*A9*#0"}
dow /home/max/rp_ref/nand/vitis/not_gate/Debug/not_gate.elf
configparams force-mem-access 0
----------------End of Script----------------

17:14:51 INFO  : Context for processor 'ps7_cortexa9_0' is selected.
17:14:51 INFO  : 'con' command is executed.
17:14:51 INFO  : ----------------XSDB Script (After Launch)----------------
targets -set -nocase -filter {name =~ "*A9*#0"}
con
----------------End of Script----------------

17:14:51 INFO  : Launch script is exported to file '/home/max/rp_ref/nand/vitis/not_gate_system/_ide/scripts/systemdebugger_not_gate_system_standalone.tcl'
17:15:24 INFO  : Checking for BSP changes to sync application flags for project 'not_gate'...
17:15:42 INFO  : Checking for BSP changes to sync application flags for project 'not_gate'...
17:16:04 INFO  : Connected to target on host '127.0.0.1' and port '3121'.
17:16:04 INFO  : 'targets -set -filter {jtag_cable_name =~ "Digilent JTAG-SMT2 210251AC3249" && level==0 && jtag_device_ctx=="jsn-JTAG-SMT2-210251AC3249-23731093-0"}' command is executed.
17:16:12 INFO  : Device configured successfully with "/home/max/rp_ref/nand/vivado/nand.runs/impl_1/main_dsn_wrapper.bit"
17:16:20 INFO  : Disconnected from the channel tcfchan#17.
17:16:20 INFO  : Connected to target on host '127.0.0.1' and port '3121'.
17:16:21 INFO  : Jtag cable 'Digilent JTAG-SMT2 210251AC3249' is selected.
17:16:21 INFO  : 'jtag frequency' command is executed.
17:16:21 INFO  : Context for 'APU' is selected.
17:16:21 INFO  : System reset is completed.
17:16:24 INFO  : 'after 3000' command is executed.
17:16:24 INFO  : 'targets -set -filter {jtag_cable_name =~ "Digilent JTAG-SMT2 210251AC3249" && level==0 && jtag_device_ctx=="jsn-JTAG-SMT2-210251AC3249-23731093-0"}' command is executed.
17:16:31 INFO  : Device configured successfully with "/home/max/rp_ref/nand/vitis/not_gate/_ide/bitstream/main_dsn_wrapper.bit"
17:16:31 INFO  : Context for 'APU' is selected.
17:16:31 INFO  : Hardware design and registers information is loaded from '/home/max/rp_ref/nand/vitis/nand/export/nand/hw/main_dsn_wrapper.xsa'.
17:16:31 INFO  : 'configparams force-mem-access 1' command is executed.
17:16:31 INFO  : Context for 'APU' is selected.
17:16:31 INFO  : Sourcing of '/home/max/rp_ref/nand/vitis/not_gate/_ide/psinit/ps7_init.tcl' is done.
17:16:32 INFO  : 'ps7_init' command is executed.
17:16:32 INFO  : 'ps7_post_config' command is executed.
17:16:32 INFO  : Context for processor 'ps7_cortexa9_0' is selected.
17:16:32 INFO  : The application '/home/max/rp_ref/nand/vitis/not_gate/Debug/not_gate.elf' is downloaded to processor 'ps7_cortexa9_0'.
17:16:32 INFO  : 'configparams force-mem-access 0' command is executed.
17:16:32 INFO  : ----------------XSDB Script----------------
connect -url tcp:127.0.0.1:3121
targets -set -nocase -filter {name =~"APU*"}
rst -system
after 3000
targets -set -filter {jtag_cable_name =~ "Digilent JTAG-SMT2 210251AC3249" && level==0 && jtag_device_ctx=="jsn-JTAG-SMT2-210251AC3249-23731093-0"}
fpga -file /home/max/rp_ref/nand/vitis/not_gate/_ide/bitstream/main_dsn_wrapper.bit
targets -set -nocase -filter {name =~"APU*"}
loadhw -hw /home/max/rp_ref/nand/vitis/nand/export/nand/hw/main_dsn_wrapper.xsa -mem-ranges [list {0x40000000 0xbfffffff}] -regs
configparams force-mem-access 1
targets -set -nocase -filter {name =~"APU*"}
source /home/max/rp_ref/nand/vitis/not_gate/_ide/psinit/ps7_init.tcl
ps7_init
ps7_post_config
targets -set -nocase -filter {name =~ "*A9*#0"}
dow /home/max/rp_ref/nand/vitis/not_gate/Debug/not_gate.elf
configparams force-mem-access 0
----------------End of Script----------------

17:16:32 INFO  : Context for processor 'ps7_cortexa9_0' is selected.
17:16:32 INFO  : 'con' command is executed.
17:16:32 INFO  : ----------------XSDB Script (After Launch)----------------
targets -set -nocase -filter {name =~ "*A9*#0"}
con
----------------End of Script----------------

17:16:32 INFO  : Launch script is exported to file '/home/max/rp_ref/nand/vitis/not_gate_system/_ide/scripts/systemdebugger_not_gate_system_standalone.tcl'
17:31:25 INFO  : Checking for BSP changes to sync application flags for project 'not_gate'...
17:31:47 INFO  : Disconnected from the channel tcfchan#19.
17:31:47 INFO  : Connected to target on host '127.0.0.1' and port '3121'.
17:31:47 INFO  : Jtag cable 'Digilent JTAG-SMT2 210251AC3249' is selected.
17:31:47 INFO  : 'jtag frequency' command is executed.
17:31:47 INFO  : Context for 'APU' is selected.
17:31:47 INFO  : System reset is completed.
17:31:50 INFO  : 'after 3000' command is executed.
17:31:50 INFO  : 'targets -set -filter {jtag_cable_name =~ "Digilent JTAG-SMT2 210251AC3249" && level==0 && jtag_device_ctx=="jsn-JTAG-SMT2-210251AC3249-23731093-0"}' command is executed.
17:31:57 INFO  : Device configured successfully with "/home/max/rp_ref/nand/vitis/not_gate/_ide/bitstream/main_dsn_wrapper.bit"
17:31:58 INFO  : Context for 'APU' is selected.
17:31:58 INFO  : Hardware design and registers information is loaded from '/home/max/rp_ref/nand/vitis/nand/export/nand/hw/main_dsn_wrapper.xsa'.
17:31:58 INFO  : 'configparams force-mem-access 1' command is executed.
17:31:58 INFO  : Context for 'APU' is selected.
17:31:58 INFO  : Sourcing of '/home/max/rp_ref/nand/vitis/not_gate/_ide/psinit/ps7_init.tcl' is done.
17:31:58 INFO  : 'ps7_init' command is executed.
17:31:58 INFO  : 'ps7_post_config' command is executed.
17:31:58 INFO  : Context for processor 'ps7_cortexa9_0' is selected.
17:31:58 INFO  : The application '/home/max/rp_ref/nand/vitis/not_gate/Debug/not_gate.elf' is downloaded to processor 'ps7_cortexa9_0'.
17:31:58 INFO  : 'configparams force-mem-access 0' command is executed.
17:31:58 INFO  : ----------------XSDB Script----------------
connect -url tcp:127.0.0.1:3121
targets -set -nocase -filter {name =~"APU*"}
rst -system
after 3000
targets -set -filter {jtag_cable_name =~ "Digilent JTAG-SMT2 210251AC3249" && level==0 && jtag_device_ctx=="jsn-JTAG-SMT2-210251AC3249-23731093-0"}
fpga -file /home/max/rp_ref/nand/vitis/not_gate/_ide/bitstream/main_dsn_wrapper.bit
targets -set -nocase -filter {name =~"APU*"}
loadhw -hw /home/max/rp_ref/nand/vitis/nand/export/nand/hw/main_dsn_wrapper.xsa -mem-ranges [list {0x40000000 0xbfffffff}] -regs
configparams force-mem-access 1
targets -set -nocase -filter {name =~"APU*"}
source /home/max/rp_ref/nand/vitis/not_gate/_ide/psinit/ps7_init.tcl
ps7_init
ps7_post_config
targets -set -nocase -filter {name =~ "*A9*#0"}
dow /home/max/rp_ref/nand/vitis/not_gate/Debug/not_gate.elf
configparams force-mem-access 0
----------------End of Script----------------

17:31:58 INFO  : Context for processor 'ps7_cortexa9_0' is selected.
17:31:58 INFO  : 'con' command is executed.
17:31:58 INFO  : ----------------XSDB Script (After Launch)----------------
targets -set -nocase -filter {name =~ "*A9*#0"}
con
----------------End of Script----------------

17:31:58 INFO  : Launch script is exported to file '/home/max/rp_ref/nand/vitis/not_gate_system/_ide/scripts/systemdebugger_not_gate_system_standalone.tcl'
17:32:22 INFO  : Checking for BSP changes to sync application flags for project 'not_gate'...
17:32:42 INFO  : Disconnected from the channel tcfchan#20.
17:32:42 INFO  : Connected to target on host '127.0.0.1' and port '3121'.
17:32:42 INFO  : Jtag cable 'Digilent JTAG-SMT2 210251AC3249' is selected.
17:32:42 INFO  : 'jtag frequency' command is executed.
17:32:42 INFO  : Context for 'APU' is selected.
17:32:42 INFO  : System reset is completed.
17:32:45 INFO  : 'after 3000' command is executed.
17:32:45 INFO  : 'targets -set -filter {jtag_cable_name =~ "Digilent JTAG-SMT2 210251AC3249" && level==0 && jtag_device_ctx=="jsn-JTAG-SMT2-210251AC3249-23731093-0"}' command is executed.
17:32:53 INFO  : Device configured successfully with "/home/max/rp_ref/nand/vitis/not_gate/_ide/bitstream/main_dsn_wrapper.bit"
17:32:53 INFO  : Context for 'APU' is selected.
17:32:53 INFO  : Hardware design and registers information is loaded from '/home/max/rp_ref/nand/vitis/nand/export/nand/hw/main_dsn_wrapper.xsa'.
17:32:53 INFO  : 'configparams force-mem-access 1' command is executed.
17:32:53 INFO  : Context for 'APU' is selected.
17:32:53 INFO  : Sourcing of '/home/max/rp_ref/nand/vitis/not_gate/_ide/psinit/ps7_init.tcl' is done.
17:32:53 ERROR : Memory read error at 0xE0001034. AP transaction timeout
17:32:53 INFO  : ----------------XSDB Script----------------
connect -url tcp:127.0.0.1:3121
targets -set -nocase -filter {name =~"APU*"}
rst -system
after 3000
targets -set -filter {jtag_cable_name =~ "Digilent JTAG-SMT2 210251AC3249" && level==0 && jtag_device_ctx=="jsn-JTAG-SMT2-210251AC3249-23731093-0"}
fpga -file /home/max/rp_ref/nand/vitis/not_gate/_ide/bitstream/main_dsn_wrapper.bit
targets -set -nocase -filter {name =~"APU*"}
loadhw -hw /home/max/rp_ref/nand/vitis/nand/export/nand/hw/main_dsn_wrapper.xsa -mem-ranges [list {0x40000000 0xbfffffff}] -regs
configparams force-mem-access 1
targets -set -nocase -filter {name =~"APU*"}
source /home/max/rp_ref/nand/vitis/not_gate/_ide/psinit/ps7_init.tcl
ps7_init
----------------End of Script----------------

17:32:53 ERROR : Memory read error at 0xE0001034. AP transaction timeout
17:33:38 INFO  : Connected to target on host '127.0.0.1' and port '3121'.
17:33:39 INFO  : Jtag cable 'Digilent JTAG-SMT2 210251AC3249' is selected.
17:33:39 INFO  : 'jtag frequency' command is executed.
17:33:39 INFO  : Context for 'APU' is selected.
17:33:39 INFO  : System reset is completed.
17:33:42 INFO  : 'after 3000' command is executed.
17:33:42 INFO  : 'targets -set -filter {jtag_cable_name =~ "Digilent JTAG-SMT2 210251AC3249" && level==0 && jtag_device_ctx=="jsn-JTAG-SMT2-210251AC3249-23731093-0"}' command is executed.
17:33:49 INFO  : Device configured successfully with "/home/max/rp_ref/nand/vitis/not_gate/_ide/bitstream/main_dsn_wrapper.bit"
17:33:49 INFO  : Context for 'APU' is selected.
17:33:49 INFO  : Hardware design and registers information is loaded from '/home/max/rp_ref/nand/vitis/nand/export/nand/hw/main_dsn_wrapper.xsa'.
17:33:49 INFO  : 'configparams force-mem-access 1' command is executed.
17:33:49 INFO  : Context for 'APU' is selected.
17:33:49 INFO  : Sourcing of '/home/max/rp_ref/nand/vitis/not_gate/_ide/psinit/ps7_init.tcl' is done.
17:33:50 INFO  : 'ps7_init' command is executed.
17:33:50 INFO  : 'ps7_post_config' command is executed.
17:33:50 INFO  : Context for processor 'ps7_cortexa9_0' is selected.
17:33:50 INFO  : The application '/home/max/rp_ref/nand/vitis/not_gate/Debug/not_gate.elf' is downloaded to processor 'ps7_cortexa9_0'.
17:33:50 INFO  : 'configparams force-mem-access 0' command is executed.
17:33:50 INFO  : ----------------XSDB Script----------------
connect -url tcp:127.0.0.1:3121
targets -set -nocase -filter {name =~"APU*"}
rst -system
after 3000
targets -set -filter {jtag_cable_name =~ "Digilent JTAG-SMT2 210251AC3249" && level==0 && jtag_device_ctx=="jsn-JTAG-SMT2-210251AC3249-23731093-0"}
fpga -file /home/max/rp_ref/nand/vitis/not_gate/_ide/bitstream/main_dsn_wrapper.bit
targets -set -nocase -filter {name =~"APU*"}
loadhw -hw /home/max/rp_ref/nand/vitis/nand/export/nand/hw/main_dsn_wrapper.xsa -mem-ranges [list {0x40000000 0xbfffffff}] -regs
configparams force-mem-access 1
targets -set -nocase -filter {name =~"APU*"}
source /home/max/rp_ref/nand/vitis/not_gate/_ide/psinit/ps7_init.tcl
ps7_init
ps7_post_config
targets -set -nocase -filter {name =~ "*A9*#0"}
dow /home/max/rp_ref/nand/vitis/not_gate/Debug/not_gate.elf
configparams force-mem-access 0
----------------End of Script----------------

17:33:50 INFO  : Context for processor 'ps7_cortexa9_0' is selected.
17:33:50 INFO  : 'con' command is executed.
17:33:50 INFO  : ----------------XSDB Script (After Launch)----------------
targets -set -nocase -filter {name =~ "*A9*#0"}
con
----------------End of Script----------------

17:33:50 INFO  : Launch script is exported to file '/home/max/rp_ref/nand/vitis/not_gate_system/_ide/scripts/systemdebugger_not_gate_system_standalone.tcl'
17:52:04 INFO  : Disconnected from the channel tcfchan#22.
17:53:33 INFO  : Launching XSCT server: xsct -n  -interactive /home/max/rp_ref/nand/vitis/temp_xsdb_launch_script.tcl
17:53:35 INFO  : Platform repository initialization has completed.
17:53:35 INFO  : Registering command handlers for Vitis TCF services
17:53:37 INFO  : XSCT server has started successfully.
17:53:37 INFO  : plnx-install-location is set to ''
17:53:37 INFO  : Successfully done setting XSCT server connection channel  
17:53:37 INFO  : Successfully done query RDI_DATADIR 
17:53:37 INFO  : Successfully done setting workspace for the tool. 
17:55:29 INFO  : Launching XSCT server: xsct -n  -interactive /home/max/rp_ref/nand/vitis/temp_xsdb_launch_script.tcl
17:55:31 INFO  : Platform repository initialization has completed.
17:55:31 INFO  : Registering command handlers for Vitis TCF services
17:55:33 INFO  : XSCT server has started successfully.
17:55:33 INFO  : Successfully done setting XSCT server connection channel  
17:55:33 INFO  : plnx-install-location is set to ''
17:55:33 INFO  : Successfully done setting workspace for the tool. 
17:55:33 INFO  : Successfully done query RDI_DATADIR 
18:23:14 INFO  : Launching XSCT server: xsct -n  -interactive /home/max/rp_ref/nand/vitis/temp_xsdb_launch_script.tcl
18:23:15 INFO  : Platform repository initialization has completed.
18:23:15 INFO  : Registering command handlers for Vitis TCF services
18:23:18 INFO  : XSCT server has started successfully.
18:23:18 INFO  : Successfully done setting XSCT server connection channel  
18:23:18 INFO  : plnx-install-location is set to ''
18:23:18 INFO  : Successfully done query RDI_DATADIR 
18:23:18 INFO  : Successfully done setting workspace for the tool. 
18:25:45 INFO  : Launching XSCT server: xsct -n  -interactive /home/max/rp_ref/nand/vitis/temp_xsdb_launch_script.tcl
18:25:46 INFO  : Platform repository initialization has completed.
18:25:47 INFO  : Registering command handlers for Vitis TCF services
18:25:49 INFO  : XSCT server has started successfully.
18:25:49 INFO  : Successfully done setting XSCT server connection channel  
18:25:49 INFO  : plnx-install-location is set to ''
18:25:49 INFO  : Successfully done setting workspace for the tool. 
18:25:49 INFO  : Successfully done query RDI_DATADIR 
